Arguments: 
  C:\Program Files\nodejs\node.exe C:\Program Files (x86)\Yarn\bin\yarn.js add cypress --dev prettier cypress-cucumber-preproces

PATH: 
  C:\Program Files (x86)\Common Files\Oracle\Java\javapath;C:\Windows\system32;C:\Windows;C:\Windows\System32\Wbem;C:\Windows\System32\WindowsPowerShell\v1.0\;C:\Windows\System32\OpenSSH\;%JAVA_HOME%\BIN;C:\apache-ant-1.9.6\bin;D:\Software\android-sdk\android-sdk;D:\Software\android-sdk\android-sdk\tools;D:\Software\android-sdk\android-sdk\platform-tools;C:\Program Files\nodejs\;D:\xampp\php;C:\composer;C:\Program Files\Git\cmd;C:\Program Files (x86)\Yarn\bin\;C:\Users\Hadid Fathan Azisabi\AppData\Local\Programs\Python\Python35\Scripts\;C:\Users\Hadid Fathan Azisabi\AppData\Local\Programs\Python\Python35\;C:\Users\Hadid Fathan Azisabi\AppData\Local\Microsoft\WindowsApps;C:\Users\Hadid Fathan Azisabi\AppData\Roaming\npm;C:\Users\Hadid Fathan Azisabi\AppData\Roaming\Composer\vendor\bin;C:\Users\Hadid Fathan Azisabi\AppData\Local\Programs\Microsoft VS Code\bin;C:\gradle-7.4\bin;C:\Users\Hadid Fathan Azisabi\AppData\Local\Yarn\bin

Yarn version: 
  1.22.19

Node version: 
  18.12.0

Platform: 
  win32 x64

Trace: 
  Error: https://registry.yarnpkg.com/cypress-cucumber-preproces: Not found
      at params.callback [as _callback] (C:\Program Files (x86)\Yarn\lib\cli.js:66145:18)
      at self.callback (C:\Program Files (x86)\Yarn\lib\cli.js:140890:22)
      at Request.emit (node:events:513:28)
      at Request.<anonymous> (C:\Program Files (x86)\Yarn\lib\cli.js:141862:10)
      at Request.emit (node:events:513:28)
      at IncomingMessage.<anonymous> (C:\Program Files (x86)\Yarn\lib\cli.js:141784:12)
      at Object.onceWrapper (node:events:627:28)
      at IncomingMessage.emit (node:events:525:35)
      at endReadableNT (node:internal/streams/readable:1359:12)
      at process.processTicksAndRejections (node:internal/process/task_queues:82:21)

npm manifest: 
  {
    "name": "eduwork",
    "version": "1.0.0",
    "main": "index.js",
    "author": "oimtrust",
    "license": "MIT"
  }

yarn manifest: 
  No manifest

Lockfile: 
  No lockfile
